[2021-09-07T10:39:31+08:00][error] [8]Undefined property: stdClass::$short[/www/wwwroot/short.com/app/controller/Home.php:42]
[2021-09-07T10:39:52+08:00][sql] CONNECT:[ UseTime:0.001791s ] mysql:host=127.0.0.1;port=3306;dbname=short_com;charset=utf8
[2021-09-07T10:39:52+08:00][sql] SHOW FULL COLUMNS FROM `users` [ RunTime:0.063800s ]
[2021-09-07T10:39:52+08:00][sql] SELECT * FROM `users` WHERE  `id` = 1 LIMIT 1 [ RunTime:0.003252s ]
[2021-09-07T10:39:52+08:00][sql] SHOW FULL COLUMNS FROM `links` [ RunTime:0.002977s ]
[2021-09-07T10:39:52+08:00][sql] SELECT * FROM `links` WHERE  `link` = 'L1LkP' LIMIT 1 [ RunTime:0.002510s ]
[2021-09-07T10:39:52+08:00][sql] SELECT `id` FROM `links` WHERE  `link` = 'v3nsX' LIMIT 1 [ RunTime:0.000632s ]
[2021-09-07T10:39:52+08:00][sql] INSERT INTO `links` SET `last_visit` = '2021-09-07 10:39:52' , `url` = 'https://mp.weixin.qq.com/s/XHR2-tCZQ0o1M-_5CgtsJg' , `link` = 'v3nsX' , `pass` = '' [ RunTime:0.004820s ]
[2021-09-07T10:40:11+08:00][error] [8]Undefined property: stdClass::$short[/www/wwwroot/short.com/app/controller/Home.php:42]
[2021-09-07T10:43:02+08:00][error] [8]Undefined property: stdClass::$short[/www/wwwroot/short.com/app/controller/Home.php:42]
[2021-09-07T10:48:11+08:00][sql] CONNECT:[ UseTime:0.001021s ] mysql:host=127.0.0.1;port=3306;dbname=short_com;charset=utf8
[2021-09-07T10:48:11+08:00][sql] SHOW FULL COLUMNS FROM `users` [ RunTime:0.001031s ]
[2021-09-07T10:48:11+08:00][sql] SELECT * FROM `users` WHERE  `id` = 1 LIMIT 1 [ RunTime:0.000583s ]
[2021-09-07T10:48:11+08:00][sql] SHOW FULL COLUMNS FROM `links` [ RunTime:0.000661s ]
[2021-09-07T10:48:11+08:00][sql] SELECT * FROM `links` WHERE  `link` = 'S0kvq' LIMIT 1 [ RunTime:0.001650s ]
[2021-09-07T10:48:11+08:00][sql] SELECT `id` FROM `links` WHERE  `link` = 'FQkaE' LIMIT 1 [ RunTime:0.000581s ]
[2021-09-07T10:48:11+08:00][sql] INSERT INTO `links` SET `last_visit` = '2021-09-07 10:48:11' , `url` = 'https://fanyi.baidu.com/' , `link` = 'FQkaE' , `pass` = '' [ RunTime:0.000508s ]
[2021-09-07T10:50:57+08:00][sql] CONNECT:[ UseTime:0.000786s ] mysql:host=127.0.0.1;port=3306;dbname=short_com;charset=utf8
[2021-09-07T10:50:57+08:00][sql] SHOW FULL COLUMNS FROM `users` [ RunTime:0.000914s ]
[2021-09-07T10:50:57+08:00][sql] SELECT * FROM `users` WHERE  `id` = 1 LIMIT 1 [ RunTime:0.001062s ]
[2021-09-07T10:50:57+08:00][sql] SHOW FULL COLUMNS FROM `links` [ RunTime:0.001773s ]
[2021-09-07T10:50:57+08:00][sql] SELECT * FROM `links` WHERE  `link` = 'xuOqr' LIMIT 1 [ RunTime:0.000776s ]
[2021-09-07T10:50:57+08:00][sql] SELECT `id` FROM `links` WHERE  `link` = 'KWzBn' LIMIT 1 [ RunTime:0.001034s ]
[2021-09-07T10:50:57+08:00][sql] INSERT INTO `links` SET `last_visit` = '2021-09-07 10:50:57' , `url` = 'http://192.168.133.131/home/httphost' , `link` = 'KWzBn' , `pass` = '' [ RunTime:0.001682s ]
[2021-09-07T10:51:02+08:00][sql] CONNECT:[ UseTime:0.000770s ] mysql:host=127.0.0.1;port=3306;dbname=short_com;charset=utf8
[2021-09-07T10:51:02+08:00][sql] SHOW FULL COLUMNS FROM `links` [ RunTime:0.000875s ]
[2021-09-07T10:51:02+08:00][sql] SELECT * FROM `links` WHERE  `link` = 'KWzBn' LIMIT 1 [ RunTime:0.000517s ]
[2021-09-07T10:51:02+08:00][sql] SELECT * FROM `links` WHERE  `link` = 'KWzBn' [ RunTime:0.000510s ]
[2021-09-07T10:51:02+08:00][sql] UPDATE `links`  SET `hits` = 1  WHERE  `link` = 'KWzBn' [ RunTime:0.002868s ]
[2021-09-07T15:24:40+08:00][error] [8]Undefined property: stdClass::$short[/www/wwwroot/short.com/app/controller/Home.php:43]
[2021-09-07T15:25:27+08:00][error] [8]Undefined property: stdClass::$short[/www/wwwroot/short.com/app/controller/Home.php:42]
[2021-09-07T15:26:38+08:00][error] [8]Undefined property: stdClass::$short[/www/wwwroot/short.com/app/controller/Home.php:42]
[2021-09-07T15:27:02+08:00][error] [8]Undefined property: stdClass::$short[/www/wwwroot/short.com/app/controller/Home.php:43]
[2021-09-07T15:28:29+08:00][error] [8]Undefined property: stdClass::$short[/www/wwwroot/short.com/app/controller/Home.php:46]
[2021-09-07T15:28:52+08:00][error] [8]Undefined property: stdClass::$short[/www/wwwroot/short.com/app/controller/Home.php:46]
[2021-09-07T15:31:08+08:00][error] [0]Cannot use object of type stdClass as array[/www/wwwroot/short.com/app/controller/Home.php:42]
[2021-09-07T15:31:30+08:00][error] [0]Cannot use object of type stdClass as array[/www/wwwroot/short.com/app/controller/Home.php:42]
[2021-09-07T15:39:48+08:00][error] [8]Undefined property: stdClass::$msg[/www/wwwroot/short.com/app/controller/Home.php:44]
[2021-09-07T15:41:35+08:00][error] [8]Undefined property: stdClass::$msg[/www/wwwroot/short.com/app/controller/Home.php:44]
[2021-09-07T15:42:35+08:00][error] [8]Undefined property: stdClass::$msg[/www/wwwroot/short.com/app/controller/Home.php:44]
[2021-09-07T15:52:10+08:00][error] [8]Undefined property: stdClass::$msg[/www/wwwroot/short.com/app/controller/Home.php:69]
[2021-09-07T15:54:03+08:00][error] [0]Object of class stdClass could not be converted to string[/www/wwwroot/short.com/app/controller/Home.php:69]
[2021-09-07T15:56:38+08:00][sql] CONNECT:[ UseTime:0.002687s ] mysql:host=127.0.0.1;port=3306;dbname=short_com;charset=utf8
[2021-09-07T15:56:38+08:00][sql] SHOW FULL COLUMNS FROM `users` [ RunTime:0.002256s ]
[2021-09-07T15:56:38+08:00][sql] SELECT * FROM `users` WHERE  `id` = 1 LIMIT 1 [ RunTime:0.001079s ]
[2021-09-07T15:56:38+08:00][sql] SHOW FULL COLUMNS FROM `links` [ RunTime:0.000843s ]
[2021-09-07T15:56:38+08:00][sql] SELECT * FROM `links` WHERE  `link` = 'jTbDb' LIMIT 1 [ RunTime:0.002990s ]
[2021-09-07T15:56:38+08:00][sql] SELECT `id` FROM `links` WHERE  `link` = '61mYC' LIMIT 1 [ RunTime:0.001329s ]
[2021-09-07T15:56:38+08:00][sql] INSERT INTO `links` SET `last_visit` = '2021-09-07 15:56:38' , `url` = 'https://fanyi.baidu.com/' , `link` = '61mYC' , `pass` = '' [ RunTime:0.001833s ]
[2021-09-07T15:56:57+08:00][sql] CONNECT:[ UseTime:0.000820s ] mysql:host=127.0.0.1;port=3306;dbname=short_com;charset=utf8
[2021-09-07T15:56:57+08:00][sql] SHOW FULL COLUMNS FROM `users` [ RunTime:0.001082s ]
[2021-09-07T15:56:57+08:00][sql] SELECT * FROM `users` WHERE  `id` = 1 LIMIT 1 [ RunTime:0.000649s ]
[2021-09-07T15:56:57+08:00][sql] SHOW FULL COLUMNS FROM `links` [ RunTime:0.000777s ]
[2021-09-07T15:56:57+08:00][sql] SELECT * FROM `links` WHERE  `link` = 'NughH' LIMIT 1 [ RunTime:0.000577s ]
[2021-09-07T15:56:57+08:00][sql] SELECT `id` FROM `links` WHERE  `link` = 'LUgTk' LIMIT 1 [ RunTime:0.000679s ]
[2021-09-07T15:56:57+08:00][sql] INSERT INTO `links` SET `last_visit` = '2021-09-07 15:56:57' , `url` = 'https://fanyi.baidu.com/' , `link` = 'LUgTk' , `pass` = '' [ RunTime:0.000712s ]
[2021-09-07T16:38:23+08:00][error] [0]模板文件不存在:api/faq.html[/www/wwwroot/short.com/vendor/topthink/think-view/src/Think.php:146]
[2021-09-07T16:39:10+08:00][error] [0]模板文件不存在:api/faq.html[/www/wwwroot/short.com/vendor/topthink/think-view/src/Think.php:146]
