[2021-08-17T10:53:40+08:00][sql] CONNECT:[ UseTime:0.017496s ] mysql:host=127.0.0.1;port=3306;dbname=short_com;charset=utf8
[2021-08-17T10:53:40+08:00][sql] SHOW FULL COLUMNS FROM `users` [ RunTime:0.042015s ]
[2021-08-17T10:53:40+08:00][sql] SELECT * FROM `users` [ RunTime:0.003385s ]
[2021-08-17T10:53:42+08:00][sql] CONNECT:[ UseTime:0.001109s ] mysql:host=127.0.0.1;port=3306;dbname=short_com;charset=utf8
[2021-08-17T10:53:42+08:00][sql] SHOW FULL COLUMNS FROM `links` [ RunTime:0.002556s ]
[2021-08-17T10:53:42+08:00][sql] SELECT * FROM `links` [ RunTime:0.000578s ]
[2021-08-17T10:53:54+08:00][sql] CONNECT:[ UseTime:0.001647s ] mysql:host=127.0.0.1;port=3306;dbname=short_com;charset=utf8
[2021-08-17T10:53:54+08:00][sql] SHOW FULL COLUMNS FROM `users` [ RunTime:0.002690s ]
[2021-08-17T10:53:54+08:00][sql] SELECT * FROM `users` [ RunTime:0.000546s ]
[2021-08-17T10:55:08+08:00][sql] CONNECT:[ UseTime:0.000812s ] mysql:host=127.0.0.1;port=3306;dbname=short_com;charset=utf8
[2021-08-17T10:55:08+08:00][sql] SHOW FULL COLUMNS FROM `links` [ RunTime:0.000873s ]
[2021-08-17T10:55:08+08:00][sql] SELECT * FROM `links` WHERE  `link` = 'rPCGy' LIMIT 1 [ RunTime:0.006352s ]
[2021-08-17T10:55:08+08:00][sql] SELECT `id` FROM `links` WHERE  `link` = 'ufyM3' LIMIT 1 [ RunTime:0.000560s ]
[2021-08-17T10:55:08+08:00][sql] INSERT INTO `links` SET `pass` = '' , `last_visit` = '2021-08-17 10:55:08' , `url` = 'https://www.huaweicloud.com/?ticket=ST-1941499-g3sNettX6trL5voWxhI2g3lD-sso' , `link` = 'ufyM3' [ RunTime:0.004018s ]
[2021-08-17T10:55:23+08:00][sql] CONNECT:[ UseTime:0.000723s ] mysql:host=127.0.0.1;port=3306;dbname=short_com;charset=utf8
[2021-08-17T10:55:23+08:00][sql] SHOW FULL COLUMNS FROM `links` [ RunTime:0.000741s ]
[2021-08-17T10:55:23+08:00][sql] SELECT * FROM `links` [ RunTime:0.000554s ]
[2021-08-17T10:55:27+08:00][sql] CONNECT:[ UseTime:0.000646s ] mysql:host=127.0.0.1;port=3306;dbname=short_com;charset=utf8
[2021-08-17T10:55:27+08:00][sql] SHOW FULL COLUMNS FROM `links` [ RunTime:0.001206s ]
[2021-08-17T10:55:27+08:00][sql] SELECT * FROM `links` [ RunTime:0.000507s ]
[2021-08-17T10:55:32+08:00][sql] CONNECT:[ UseTime:0.000722s ] mysql:host=127.0.0.1;port=3306;dbname=short_com;charset=utf8
[2021-08-17T10:55:32+08:00][sql] SHOW FULL COLUMNS FROM `links` [ RunTime:0.001397s ]
[2021-08-17T10:55:32+08:00][sql] SELECT * FROM `links` [ RunTime:0.000524s ]
[2021-08-17T10:55:32+08:00][sql] CONNECT:[ UseTime:0.000444s ] mysql:host=127.0.0.1;port=3306;dbname=short_com;charset=utf8
[2021-08-17T10:55:32+08:00][sql] SHOW FULL COLUMNS FROM `links` [ RunTime:0.000601s ]
[2021-08-17T10:55:32+08:00][sql] DELETE FROM `links` WHERE  `id` = 485 [ RunTime:0.006921s ]
[2021-08-17T10:55:32+08:00][sql] DELETE FROM `links` WHERE  `id` = 486 [ RunTime:0.002845s ]
[2021-08-17T10:55:32+08:00][sql] DELETE FROM `links` WHERE  `id` = 487 [ RunTime:0.001196s ]
[2021-08-17T10:55:32+08:00][sql] DELETE FROM `links` WHERE  `id` = 488 [ RunTime:0.001153s ]
[2021-08-17T10:55:32+08:00][sql] DELETE FROM `links` WHERE  `id` = 489 [ RunTime:0.003317s ]
[2021-08-17T10:55:32+08:00][sql] DELETE FROM `links` WHERE  `id` = 490 [ RunTime:0.001967s ]
[2021-08-17T10:55:32+08:00][sql] DELETE FROM `links` WHERE  `id` = 491 [ RunTime:0.001739s ]
[2021-08-17T10:55:32+08:00][sql] DELETE FROM `links` WHERE  `id` = 492 [ RunTime:0.002003s ]
[2021-08-17T10:55:32+08:00][sql] DELETE FROM `links` WHERE  `id` = 493 [ RunTime:0.001402s ]
[2021-08-17T10:55:32+08:00][sql] DELETE FROM `links` WHERE  `id` = 494 [ RunTime:0.001465s ]
[2021-08-17T10:55:32+08:00][sql] DELETE FROM `links` WHERE  `id` = 495 [ RunTime:0.001496s ]
[2021-08-17T10:55:32+08:00][sql] DELETE FROM `links` WHERE  `id` = 496 [ RunTime:0.001745s ]
[2021-08-17T10:55:32+08:00][sql] DELETE FROM `links` WHERE  `id` = 497 [ RunTime:0.001360s ]
[2021-08-17T10:55:32+08:00][sql] DELETE FROM `links` WHERE  `id` = 498 [ RunTime:0.001764s ]
[2021-08-17T10:55:32+08:00][sql] DELETE FROM `links` WHERE  `id` = 499 [ RunTime:0.001282s ]
[2021-08-17T10:55:32+08:00][sql] DELETE FROM `links` WHERE  `id` = 500 [ RunTime:0.003741s ]
[2021-08-17T10:55:32+08:00][sql] DELETE FROM `links` WHERE  `id` = 501 [ RunTime:0.001603s ]
[2021-08-17T10:55:32+08:00][sql] DELETE FROM `links` WHERE  `id` = 502 [ RunTime:0.001105s ]
[2021-08-17T10:55:32+08:00][sql] DELETE FROM `links` WHERE  `id` = 503 [ RunTime:0.001119s ]
[2021-08-17T10:55:32+08:00][sql] DELETE FROM `links` WHERE  `id` = 504 [ RunTime:0.001352s ]
[2021-08-17T10:55:32+08:00][sql] DELETE FROM `links` WHERE  `id` = 505 [ RunTime:0.002512s ]
[2021-08-17T10:55:32+08:00][sql] DELETE FROM `links` WHERE  `id` = 506 [ RunTime:0.001518s ]
[2021-08-17T10:55:32+08:00][sql] CONNECT:[ UseTime:0.000720s ] mysql:host=127.0.0.1;port=3306;dbname=short_com;charset=utf8
[2021-08-17T10:55:32+08:00][sql] SHOW FULL COLUMNS FROM `links` [ RunTime:0.001127s ]
[2021-08-17T10:55:32+08:00][sql] SELECT * FROM `links` [ RunTime:0.001694s ]
[2021-08-17T10:55:36+08:00][sql] CONNECT:[ UseTime:0.000403s ] mysql:host=127.0.0.1;port=3306;dbname=short_com;charset=utf8
[2021-08-17T10:55:36+08:00][sql] SHOW FULL COLUMNS FROM `links` [ RunTime:0.000695s ]
[2021-08-17T10:55:36+08:00][sql] SELECT * FROM `links` [ RunTime:0.000245s ]
[2021-08-17T10:55:36+08:00][sql] CONNECT:[ UseTime:0.000447s ] mysql:host=127.0.0.1;port=3306;dbname=short_com;charset=utf8
[2021-08-17T10:55:36+08:00][sql] SHOW FULL COLUMNS FROM `links` [ RunTime:0.000683s ]
[2021-08-17T10:55:36+08:00][sql] DELETE FROM `links` WHERE  `id` = 486 [ RunTime:0.000999s ]
[2021-08-17T10:55:36+08:00][sql] DELETE FROM `links` WHERE  `id` = 487 [ RunTime:0.001016s ]
[2021-08-17T10:55:36+08:00][sql] DELETE FROM `links` WHERE  `id` = 488 [ RunTime:0.001259s ]
[2021-08-17T10:55:36+08:00][sql] DELETE FROM `links` WHERE  `id` = 489 [ RunTime:0.004917s ]
[2021-08-17T10:55:36+08:00][sql] DELETE FROM `links` WHERE  `id` = 490 [ RunTime:0.001140s ]
[2021-08-17T10:55:36+08:00][sql] DELETE FROM `links` WHERE  `id` = 491 [ RunTime:0.001288s ]
[2021-08-17T10:55:36+08:00][sql] DELETE FROM `links` WHERE  `id` = 492 [ RunTime:0.001245s ]
[2021-08-17T10:55:36+08:00][sql] DELETE FROM `links` WHERE  `id` = 493 [ RunTime:0.001084s ]
[2021-08-17T10:55:36+08:00][sql] DELETE FROM `links` WHERE  `id` = 494 [ RunTime:0.001161s ]
[2021-08-17T10:55:36+08:00][sql] DELETE FROM `links` WHERE  `id` = 495 [ RunTime:0.001050s ]
[2021-08-17T10:55:36+08:00][sql] DELETE FROM `links` WHERE  `id` = 496 [ RunTime:0.000938s ]
[2021-08-17T10:55:36+08:00][sql] DELETE FROM `links` WHERE  `id` = 497 [ RunTime:0.000870s ]
[2021-08-17T10:55:36+08:00][sql] DELETE FROM `links` WHERE  `id` = 498 [ RunTime:0.000835s ]
[2021-08-17T10:55:36+08:00][sql] DELETE FROM `links` WHERE  `id` = 499 [ RunTime:0.000931s ]
[2021-08-17T10:55:36+08:00][sql] DELETE FROM `links` WHERE  `id` = 500 [ RunTime:0.001071s ]
[2021-08-17T10:55:36+08:00][sql] DELETE FROM `links` WHERE  `id` = 501 [ RunTime:0.001673s ]
[2021-08-17T10:55:36+08:00][sql] DELETE FROM `links` WHERE  `id` = 502 [ RunTime:0.002976s ]
[2021-08-17T10:55:36+08:00][sql] DELETE FROM `links` WHERE  `id` = 503 [ RunTime:0.002011s ]
[2021-08-17T10:55:36+08:00][sql] DELETE FROM `links` WHERE  `id` = 504 [ RunTime:0.000790s ]
[2021-08-17T10:55:36+08:00][sql] DELETE FROM `links` WHERE  `id` = 505 [ RunTime:0.000718s ]
[2021-08-17T10:55:36+08:00][sql] DELETE FROM `links` WHERE  `id` = 506 [ RunTime:0.000882s ]
[2021-08-17T10:55:38+08:00][sql] CONNECT:[ UseTime:0.000675s ] mysql:host=127.0.0.1;port=3306;dbname=short_com;charset=utf8
[2021-08-17T10:55:38+08:00][sql] SHOW FULL COLUMNS FROM `links` [ RunTime:0.000651s ]
[2021-08-17T10:55:38+08:00][sql] SELECT * FROM `links` [ RunTime:0.000645s ]
[2021-08-17T10:55:41+08:00][sql] CONNECT:[ UseTime:0.000656s ] mysql:host=127.0.0.1;port=3306;dbname=short_com;charset=utf8
[2021-08-17T10:55:41+08:00][sql] SHOW FULL COLUMNS FROM `links` [ RunTime:0.000848s ]
[2021-08-17T10:55:41+08:00][sql] SELECT * FROM `links` WHERE  `link` = 'u8HY6' LIMIT 1 [ RunTime:0.000553s ]
[2021-08-17T10:55:41+08:00][sql] SELECT `id` FROM `links` WHERE  `link` = '6xzLL' LIMIT 1 [ RunTime:0.000528s ]
[2021-08-17T10:55:41+08:00][sql] INSERT INTO `links` SET `pass` = '' , `last_visit` = '2021-08-17 10:55:41' , `url` = 'https://www.huaweicloud.com/?ticket=ST-1941499-g3sNettX6trL5voWxhI2g3lD-sso' , `link` = '6xzLL' [ RunTime:0.000550s ]
[2021-08-17T10:55:44+08:00][sql] CONNECT:[ UseTime:0.000661s ] mysql:host=127.0.0.1;port=3306;dbname=short_com;charset=utf8
[2021-08-17T10:55:44+08:00][sql] SHOW FULL COLUMNS FROM `links` [ RunTime:0.000796s ]
[2021-08-17T10:55:44+08:00][sql] SELECT * FROM `links` [ RunTime:0.000511s ]
[2021-08-17T10:55:57+08:00][sql] CONNECT:[ UseTime:0.000687s ] mysql:host=127.0.0.1;port=3306;dbname=short_com;charset=utf8
[2021-08-17T10:55:57+08:00][sql] SHOW FULL COLUMNS FROM `users` [ RunTime:0.000758s ]
[2021-08-17T10:55:57+08:00][sql] SELECT * FROM `users` [ RunTime:0.000396s ]
[2021-08-17T10:56:02+08:00][sql] CONNECT:[ UseTime:0.000704s ] mysql:host=127.0.0.1;port=3306;dbname=short_com;charset=utf8
[2021-08-17T10:56:02+08:00][sql] SHOW FULL COLUMNS FROM `links` [ RunTime:0.000800s ]
[2021-08-17T10:56:02+08:00][sql] SELECT * FROM `links` WHERE  `link` = '6xzLL' [ RunTime:0.000518s ]
[2021-08-17T10:56:17+08:00][sql] CONNECT:[ UseTime:0.000686s ] mysql:host=127.0.0.1;port=3306;dbname=short_com;charset=utf8
[2021-08-17T10:56:17+08:00][sql] SHOW FULL COLUMNS FROM `links` [ RunTime:0.000760s ]
[2021-08-17T10:56:17+08:00][sql] SELECT * FROM `links` WHERE  `link` = 'qR4iB' LIMIT 1 [ RunTime:0.000546s ]
[2021-08-17T10:56:17+08:00][sql] SELECT `id` FROM `links` WHERE  `link` = 'cg9LY' LIMIT 1 [ RunTime:0.000663s ]
[2021-08-17T10:56:17+08:00][sql] INSERT INTO `links` SET `pass` = '' , `last_visit` = '2021-08-17 10:56:17' , `url` = 'https://www.huaweicloud.com/?ticket=ST-1941499-g3sNettX6trL5voWxhI2g3lD-sso' , `link` = 'cg9LY' [ RunTime:0.000591s ]
[2021-08-17T16:19:16+08:00][sql] CONNECT:[ UseTime:0.005355s ] mysql:host=127.0.0.1;port=3306;dbname=short_com;charset=utf8
[2021-08-17T16:19:16+08:00][sql] SHOW FULL COLUMNS FROM `users` [ RunTime:0.008965s ]
[2021-08-17T16:19:16+08:00][sql] SELECT * FROM `users` [ RunTime:0.001416s ]
[2021-08-17T16:19:16+08:00][sql] CONNECT:[ UseTime:0.000904s ] mysql:host=127.0.0.1;port=3306;dbname=short_com;charset=utf8
[2021-08-17T16:19:16+08:00][sql] SHOW FULL COLUMNS FROM `links` [ RunTime:0.001299s ]
[2021-08-17T16:19:16+08:00][sql] SELECT * FROM `links` [ RunTime:0.000803s ]
[2021-08-17T16:42:48+08:00][sql] CONNECT:[ UseTime:0.001663s ] mysql:host=127.0.0.1;port=3306;dbname=short_com;charset=utf8
[2021-08-17T16:42:48+08:00][sql] SHOW FULL COLUMNS FROM `links` [ RunTime:0.002801s ]
[2021-08-17T16:42:48+08:00][sql] SELECT * FROM `links` WHERE  `link` = 'BmQCk' LIMIT 1 [ RunTime:0.002101s ]
[2021-08-17T16:42:48+08:00][sql] SELECT `id` FROM `links` WHERE  `link` = 'B3ZPL' LIMIT 1 [ RunTime:0.002889s ]
[2021-08-17T16:42:48+08:00][error] [10501]SQLSTATE[42S02]: Base table or view not found: 1146 Table 'short_com.api' doesn't exist[/www/wwwroot/short.com/vendor/topthink/think-orm/src/db/PDOConnection.php:796]
[2021-08-17T16:44:37+08:00][sql] CONNECT:[ UseTime:0.001073s ] mysql:host=127.0.0.1;port=3306;dbname=short_com;charset=utf8
[2021-08-17T16:44:37+08:00][sql] SHOW FULL COLUMNS FROM `links` [ RunTime:0.001814s ]
[2021-08-17T16:44:37+08:00][sql] SELECT * FROM `links` WHERE  `link` = 'tRQQC' LIMIT 1 [ RunTime:0.000398s ]
[2021-08-17T16:44:37+08:00][sql] SELECT `id` FROM `links` WHERE  `link` = 'jgldT' LIMIT 1 [ RunTime:0.000316s ]
[2021-08-17T16:44:37+08:00][error] [10501]SQLSTATE[42S02]: Base table or view not found: 1146 Table 'short_com.api' doesn't exist[/www/wwwroot/short.com/vendor/topthink/think-orm/src/db/PDOConnection.php:796]
[2021-08-17T16:50:06+08:00][sql] CONNECT:[ UseTime:0.001987s ] mysql:host=127.0.0.1;port=3306;dbname=short_com;charset=utf8
[2021-08-17T16:50:06+08:00][sql] SHOW FULL COLUMNS FROM `links` [ RunTime:0.001772s ]
[2021-08-17T16:50:06+08:00][sql] SELECT * FROM `links` WHERE  `link` = 'fPxDn' LIMIT 1 [ RunTime:0.000540s ]
[2021-08-17T16:50:06+08:00][sql] SELECT `id` FROM `links` WHERE  `link` = 'zgfXY' LIMIT 1 [ RunTime:0.000398s ]
[2021-08-17T16:50:06+08:00][sql] INSERT INTO `links` SET `pass` = '' , `last_visit` = '2021-08-17 16:50:05' , `url` = 'https://www.huaweicloud.com' , `link` = 'zgfXY' [ RunTime:0.005321s ]
[2021-08-17T16:59:25+08:00][sql] CONNECT:[ UseTime:0.001194s ] mysql:host=127.0.0.1;port=3306;dbname=short_com;charset=utf8
[2021-08-17T16:59:25+08:00][sql] SHOW FULL COLUMNS FROM `links` [ RunTime:0.004755s ]
[2021-08-17T16:59:25+08:00][sql] SELECT * FROM `links` WHERE  `link` = 'SWck6' LIMIT 1 [ RunTime:0.001148s ]
[2021-08-17T16:59:25+08:00][sql] SELECT `id` FROM `links` WHERE  `link` = 'H5hC2' LIMIT 1 [ RunTime:0.000544s ]
[2021-08-17T16:59:25+08:00][sql] INSERT INTO `links` SET `pass` = '' , `last_visit` = '2021-08-17 16:59:25' , `url` = 'https://www.huaweicloud.com' , `link` = 'H5hC2' [ RunTime:0.000507s ]
[2021-08-17T16:59:31+08:00][sql] CONNECT:[ UseTime:0.000846s ] mysql:host=127.0.0.1;port=3306;dbname=short_com;charset=utf8
[2021-08-17T16:59:31+08:00][sql] SHOW FULL COLUMNS FROM `links` [ RunTime:0.001557s ]
[2021-08-17T16:59:31+08:00][sql] SELECT * FROM `links` WHERE  `link` = 'raYlq' LIMIT 1 [ RunTime:0.000415s ]
[2021-08-17T16:59:31+08:00][sql] SELECT `id` FROM `links` WHERE  `link` = 'eEKfE' LIMIT 1 [ RunTime:0.000284s ]
[2021-08-17T16:59:31+08:00][sql] INSERT INTO `links` SET `pass` = '' , `last_visit` = '2021-08-17 16:59:31' , `url` = 'https://www.huaweicloud.com' , `link` = 'eEKfE' [ RunTime:0.001355s ]
[2021-08-17T17:11:05+08:00][sql] CONNECT:[ UseTime:0.001172s ] mysql:host=127.0.0.1;port=3306;dbname=short_com;charset=utf8
[2021-08-17T17:11:05+08:00][sql] SHOW FULL COLUMNS FROM `links` [ RunTime:0.001853s ]
[2021-08-17T17:11:05+08:00][sql] SELECT * FROM `links` WHERE  `link` = 'FTCmL' LIMIT 1 [ RunTime:0.000666s ]
[2021-08-17T17:11:05+08:00][sql] SELECT `id` FROM `links` WHERE  `link` = 'G5I2A' LIMIT 1 [ RunTime:0.000561s ]
[2021-08-17T17:11:05+08:00][sql] INSERT INTO `links` SET `pass` = '' , `last_visit` = '2021-08-17 17:11:05' , `url` = 'https://www.huaweicloud.com' , `link` = 'G5I2A' [ RunTime:0.000577s ]
[2021-08-17T17:12:07+08:00][sql] CONNECT:[ UseTime:0.000714s ] mysql:host=127.0.0.1;port=3306;dbname=short_com;charset=utf8
[2021-08-17T17:12:07+08:00][sql] SHOW FULL COLUMNS FROM `links` [ RunTime:0.002052s ]
[2021-08-17T17:12:07+08:00][sql] SELECT * FROM `links` WHERE  `link` = '88qrS' LIMIT 1 [ RunTime:0.000603s ]
[2021-08-17T17:12:07+08:00][sql] SELECT `id` FROM `links` WHERE  `link` = 'r3cOV' LIMIT 1 [ RunTime:0.000468s ]
[2021-08-17T17:12:07+08:00][sql] INSERT INTO `links` SET `pass` = '' , `last_visit` = '2021-08-17 17:12:07' , `url` = 'https://www.huaweicloud.com' , `link` = 'r3cOV' [ RunTime:0.000501s ]
[2021-08-17T17:12:59+08:00][sql] CONNECT:[ UseTime:0.001548s ] mysql:host=127.0.0.1;port=3306;dbname=short_com;charset=utf8
[2021-08-17T17:12:59+08:00][sql] SHOW FULL COLUMNS FROM `links` [ RunTime:0.001116s ]
[2021-08-17T17:12:59+08:00][sql] SELECT * FROM `links` WHERE  `link` = 'i3baG' LIMIT 1 [ RunTime:0.000599s ]
[2021-08-17T17:12:59+08:00][sql] SELECT `id` FROM `links` WHERE  `link` = 'rSIWg' LIMIT 1 [ RunTime:0.000413s ]
[2021-08-17T17:12:59+08:00][sql] INSERT INTO `links` SET `pass` = '' , `last_visit` = '2021-08-17 17:12:58' , `url` = 'https://www.huaweicloud.com' , `link` = 'rSIWg' [ RunTime:0.000545s ]
[2021-08-17T17:13:16+08:00][sql] CONNECT:[ UseTime:0.000468s ] mysql:host=127.0.0.1;port=3306;dbname=short_com;charset=utf8
[2021-08-17T17:13:16+08:00][sql] SHOW FULL COLUMNS FROM `links` [ RunTime:0.001405s ]
[2021-08-17T17:13:16+08:00][sql] SELECT * FROM `links` WHERE  `link` = 'KaV0S' LIMIT 1 [ RunTime:0.000510s ]
[2021-08-17T17:13:16+08:00][sql] SELECT `id` FROM `links` WHERE  `link` = 'ZLAqA' LIMIT 1 [ RunTime:0.000453s ]
[2021-08-17T17:13:16+08:00][sql] INSERT INTO `links` SET `pass` = '' , `last_visit` = '2021-08-17 17:13:15' , `url` = 'https://www.huaweicloud.com' , `link` = 'ZLAqA' [ RunTime:0.001813s ]
[2021-08-17T17:13:23+08:00][sql] CONNECT:[ UseTime:0.003498s ] mysql:host=127.0.0.1;port=3306;dbname=short_com;charset=utf8
[2021-08-17T17:13:23+08:00][sql] SHOW FULL COLUMNS FROM `links` [ RunTime:0.001383s ]
[2021-08-17T17:13:23+08:00][sql] SELECT * FROM `links` WHERE  `link` = 'Y5jML' LIMIT 1 [ RunTime:0.000689s ]
[2021-08-17T17:13:23+08:00][sql] SELECT `id` FROM `links` WHERE  `link` = 'L3chH' LIMIT 1 [ RunTime:0.000519s ]
[2021-08-17T17:13:23+08:00][sql] INSERT INTO `links` SET `pass` = '' , `last_visit` = '2021-08-17 17:13:23' , `url` = 'https://www.huaweicloud.com' , `link` = 'L3chH' [ RunTime:0.000657s ]
[2021-08-17T17:13:24+08:00][sql] CONNECT:[ UseTime:0.000891s ] mysql:host=127.0.0.1;port=3306;dbname=short_com;charset=utf8
[2021-08-17T17:13:24+08:00][sql] SHOW FULL COLUMNS FROM `links` [ RunTime:0.001970s ]
[2021-08-17T17:13:24+08:00][sql] SELECT * FROM `links` WHERE  `link` = 'moTnw' LIMIT 1 [ RunTime:0.000556s ]
[2021-08-17T17:13:24+08:00][sql] SELECT `id` FROM `links` WHERE  `link` = 'u1kVa' LIMIT 1 [ RunTime:0.002589s ]
[2021-08-17T17:13:24+08:00][sql] INSERT INTO `links` SET `pass` = '' , `last_visit` = '2021-08-17 17:13:24' , `url` = 'https://www.huaweicloud.com' , `link` = 'u1kVa' [ RunTime:0.000630s ]
[2021-08-17T17:13:43+08:00][sql] CONNECT:[ UseTime:0.000762s ] mysql:host=127.0.0.1;port=3306;dbname=short_com;charset=utf8
[2021-08-17T17:13:43+08:00][sql] SHOW FULL COLUMNS FROM `links` [ RunTime:0.001306s ]
[2021-08-17T17:13:43+08:00][sql] SELECT * FROM `links` WHERE  `link` = '13GXE' LIMIT 1 [ RunTime:0.000561s ]
[2021-08-17T17:13:43+08:00][sql] SELECT `id` FROM `links` WHERE  `link` = 'VtvnM' LIMIT 1 [ RunTime:0.000583s ]
[2021-08-17T17:13:43+08:00][sql] INSERT INTO `links` SET `pass` = '' , `last_visit` = '2021-08-17 17:13:43' , `url` = 'https://www.huaweicloud.com' , `link` = 'VtvnM' [ RunTime:0.000864s ]
[2021-08-17T17:13:47+08:00][sql] CONNECT:[ UseTime:0.001039s ] mysql:host=127.0.0.1;port=3306;dbname=short_com;charset=utf8
[2021-08-17T17:13:47+08:00][sql] SHOW FULL COLUMNS FROM `links` [ RunTime:0.000939s ]
[2021-08-17T17:13:47+08:00][sql] SELECT * FROM `links` WHERE  `link` = 'HVkXL' LIMIT 1 [ RunTime:0.000500s ]
[2021-08-17T17:13:47+08:00][sql] SELECT `id` FROM `links` WHERE  `link` = 'Gmiz5' LIMIT 1 [ RunTime:0.000495s ]
[2021-08-17T17:13:47+08:00][sql] INSERT INTO `links` SET `pass` = '' , `last_visit` = '2021-08-17 17:13:47' , `url` = 'https://www.huaweicloud.com' , `link` = 'Gmiz5' [ RunTime:0.000910s ]
[2021-08-17T17:13:47+08:00][sql] CONNECT:[ UseTime:0.000959s ] mysql:host=127.0.0.1;port=3306;dbname=short_com;charset=utf8
[2021-08-17T17:13:47+08:00][sql] SHOW FULL COLUMNS FROM `links` [ RunTime:0.001062s ]
[2021-08-17T17:13:47+08:00][sql] SELECT * FROM `links` WHERE  `link` = 'Z1Epi' LIMIT 1 [ RunTime:0.003230s ]
[2021-08-17T17:13:47+08:00][sql] SELECT `id` FROM `links` WHERE  `link` = 'XKMxw' LIMIT 1 [ RunTime:0.000597s ]
[2021-08-17T17:13:47+08:00][sql] INSERT INTO `links` SET `pass` = '' , `last_visit` = '2021-08-17 17:13:47' , `url` = 'https://www.huaweicloud.com' , `link` = 'XKMxw' [ RunTime:0.000577s ]
[2021-08-17T17:13:54+08:00][sql] CONNECT:[ UseTime:0.000550s ] mysql:host=127.0.0.1;port=3306;dbname=short_com;charset=utf8
[2021-08-17T17:13:54+08:00][sql] SHOW FULL COLUMNS FROM `links` [ RunTime:0.001351s ]
[2021-08-17T17:13:54+08:00][sql] SELECT * FROM `links` WHERE  `link` = 'ZzYPu' LIMIT 1 [ RunTime:0.000448s ]
[2021-08-17T17:13:54+08:00][sql] SELECT `id` FROM `links` WHERE  `link` = 'izMKe' LIMIT 1 [ RunTime:0.000290s ]
[2021-08-17T17:13:54+08:00][sql] INSERT INTO `links` SET `pass` = '' , `last_visit` = '2021-08-17 17:13:54' , `url` = 'https://www.huaweicloud.com' , `link` = 'izMKe' [ RunTime:0.002250s ]
[2021-08-17T17:13:55+08:00][sql] CONNECT:[ UseTime:0.000694s ] mysql:host=127.0.0.1;port=3306;dbname=short_com;charset=utf8
[2021-08-17T17:13:55+08:00][sql] SHOW FULL COLUMNS FROM `links` [ RunTime:0.002345s ]
[2021-08-17T17:13:55+08:00][sql] SELECT * FROM `links` WHERE  `link` = 'j0oYe' LIMIT 1 [ RunTime:0.000542s ]
[2021-08-17T17:13:55+08:00][sql] SELECT `id` FROM `links` WHERE  `link` = 'emCac' LIMIT 1 [ RunTime:0.003415s ]
[2021-08-17T17:13:55+08:00][sql] INSERT INTO `links` SET `pass` = '' , `last_visit` = '2021-08-17 17:13:55' , `url` = 'https://www.huaweicloud.com' , `link` = 'emCac' [ RunTime:0.000476s ]
[2021-08-17T17:14:40+08:00][sql] CONNECT:[ UseTime:0.000760s ] mysql:host=127.0.0.1;port=3306;dbname=short_com;charset=utf8
[2021-08-17T17:14:40+08:00][sql] SHOW FULL COLUMNS FROM `links` [ RunTime:0.002138s ]
[2021-08-17T17:14:40+08:00][sql] SELECT * FROM `links` WHERE  `link` = 'Ri8tG' LIMIT 1 [ RunTime:0.000578s ]
[2021-08-17T17:14:40+08:00][sql] SELECT `id` FROM `links` WHERE  `link` = 'ermzE' LIMIT 1 [ RunTime:0.000465s ]
[2021-08-17T17:14:40+08:00][sql] INSERT INTO `links` SET `pass` = '' , `last_visit` = '2021-08-17 17:14:40' , `url` = 'https://www.huaweicloud.com' , `link` = 'ermzE' [ RunTime:0.000574s ]
[2021-08-17T17:14:41+08:00][sql] CONNECT:[ UseTime:0.003711s ] mysql:host=127.0.0.1;port=3306;dbname=short_com;charset=utf8
[2021-08-17T17:14:41+08:00][sql] SHOW FULL COLUMNS FROM `links` [ RunTime:0.001167s ]
[2021-08-17T17:14:41+08:00][sql] SELECT * FROM `links` WHERE  `link` = '60HBe' LIMIT 1 [ RunTime:0.000525s ]
[2021-08-17T17:14:41+08:00][sql] SELECT `id` FROM `links` WHERE  `link` = 'sqWaW' LIMIT 1 [ RunTime:0.000437s ]
[2021-08-17T17:14:41+08:00][sql] INSERT INTO `links` SET `pass` = '' , `last_visit` = '2021-08-17 17:14:41' , `url` = 'https://www.huaweicloud.com' , `link` = 'sqWaW' [ RunTime:0.000457s ]
[2021-08-17T17:14:41+08:00][sql] CONNECT:[ UseTime:0.001456s ] mysql:host=127.0.0.1;port=3306;dbname=short_com;charset=utf8
[2021-08-17T17:14:41+08:00][sql] SHOW FULL COLUMNS FROM `links` [ RunTime:0.001590s ]
[2021-08-17T17:14:41+08:00][sql] SELECT * FROM `links` WHERE  `link` = 'TFW8P' LIMIT 1 [ RunTime:0.000528s ]
[2021-08-17T17:14:41+08:00][sql] SELECT `id` FROM `links` WHERE  `link` = 'zGNop' LIMIT 1 [ RunTime:0.000491s ]
[2021-08-17T17:14:41+08:00][sql] INSERT INTO `links` SET `pass` = '' , `last_visit` = '2021-08-17 17:14:41' , `url` = 'https://www.huaweicloud.com' , `link` = 'zGNop' [ RunTime:0.000524s ]
[2021-08-17T17:14:42+08:00][sql] CONNECT:[ UseTime:0.000634s ] mysql:host=127.0.0.1;port=3306;dbname=short_com;charset=utf8
[2021-08-17T17:14:42+08:00][sql] SHOW FULL COLUMNS FROM `links` [ RunTime:0.001031s ]
[2021-08-17T17:14:42+08:00][sql] SELECT * FROM `links` WHERE  `link` = '5zK8U' LIMIT 1 [ RunTime:0.000545s ]
[2021-08-17T17:14:42+08:00][sql] SELECT `id` FROM `links` WHERE  `link` = 'odFSG' LIMIT 1 [ RunTime:0.000810s ]
[2021-08-17T17:14:42+08:00][sql] INSERT INTO `links` SET `pass` = '' , `last_visit` = '2021-08-17 17:14:42' , `url` = 'https://www.huaweicloud.com' , `link` = 'odFSG' [ RunTime:0.000957s ]
[2021-08-17T17:14:43+08:00][sql] CONNECT:[ UseTime:0.000655s ] mysql:host=127.0.0.1;port=3306;dbname=short_com;charset=utf8
[2021-08-17T17:14:43+08:00][sql] SHOW FULL COLUMNS FROM `links` [ RunTime:0.004276s ]
[2021-08-17T17:14:43+08:00][sql] SELECT * FROM `links` WHERE  `link` = 'ZXUot' LIMIT 1 [ RunTime:0.000613s ]
[2021-08-17T17:14:43+08:00][sql] SELECT `id` FROM `links` WHERE  `link` = 'ATrxs' LIMIT 1 [ RunTime:0.000433s ]
[2021-08-17T17:14:43+08:00][sql] INSERT INTO `links` SET `pass` = '' , `last_visit` = '2021-08-17 17:14:43' , `url` = 'https://www.huaweicloud.com' , `link` = 'ATrxs' [ RunTime:0.000479s ]
[2021-08-17T17:14:43+08:00][sql] CONNECT:[ UseTime:0.000901s ] mysql:host=127.0.0.1;port=3306;dbname=short_com;charset=utf8
[2021-08-17T17:14:43+08:00][sql] SHOW FULL COLUMNS FROM `links` [ RunTime:0.001158s ]
[2021-08-17T17:14:43+08:00][sql] SELECT * FROM `links` WHERE  `link` = 'X732c' LIMIT 1 [ RunTime:0.000523s ]
[2021-08-17T17:14:43+08:00][sql] SELECT `id` FROM `links` WHERE  `link` = 'LdsBd' LIMIT 1 [ RunTime:0.002833s ]
[2021-08-17T17:14:43+08:00][sql] INSERT INTO `links` SET `pass` = '' , `last_visit` = '2021-08-17 17:14:43' , `url` = 'https://www.huaweicloud.com' , `link` = 'LdsBd' [ RunTime:0.000464s ]
[2021-08-17T17:14:44+08:00][sql] CONNECT:[ UseTime:0.000701s ] mysql:host=127.0.0.1;port=3306;dbname=short_com;charset=utf8
[2021-08-17T17:14:44+08:00][sql] SHOW FULL COLUMNS FROM `links` [ RunTime:0.002120s ]
[2021-08-17T17:14:44+08:00][sql] SELECT * FROM `links` WHERE  `link` = '9fqM7' LIMIT 1 [ RunTime:0.001401s ]
[2021-08-17T17:14:44+08:00][sql] SELECT `id` FROM `links` WHERE  `link` = 'WLU32' LIMIT 1 [ RunTime:0.000772s ]
[2021-08-17T17:14:44+08:00][sql] INSERT INTO `links` SET `pass` = '' , `last_visit` = '2021-08-17 17:14:44' , `url` = 'https://www.huaweicloud.com' , `link` = 'WLU32' [ RunTime:0.000383s ]
[2021-08-17T17:14:44+08:00][sql] CONNECT:[ UseTime:0.001031s ] mysql:host=127.0.0.1;port=3306;dbname=short_com;charset=utf8
[2021-08-17T17:14:44+08:00][sql] SHOW FULL COLUMNS FROM `links` [ RunTime:0.001267s ]
[2021-08-17T17:14:44+08:00][sql] SELECT * FROM `links` WHERE  `link` = 'm9vUI' LIMIT 1 [ RunTime:0.000707s ]
[2021-08-17T17:14:44+08:00][sql] SELECT `id` FROM `links` WHERE  `link` = 'yaC4u' LIMIT 1 [ RunTime:0.000830s ]
[2021-08-17T17:14:44+08:00][sql] INSERT INTO `links` SET `pass` = '' , `last_visit` = '2021-08-17 17:14:44' , `url` = 'https://www.huaweicloud.com' , `link` = 'yaC4u' [ RunTime:0.001940s ]
[2021-08-17T17:14:45+08:00][sql] CONNECT:[ UseTime:0.000723s ] mysql:host=127.0.0.1;port=3306;dbname=short_com;charset=utf8
[2021-08-17T17:14:45+08:00][sql] SHOW FULL COLUMNS FROM `links` [ RunTime:0.001056s ]
[2021-08-17T17:14:45+08:00][sql] SELECT * FROM `links` WHERE  `link` = 'oylLI' LIMIT 1 [ RunTime:0.000546s ]
[2021-08-17T17:14:45+08:00][sql] SELECT `id` FROM `links` WHERE  `link` = 'cF7gc' LIMIT 1 [ RunTime:0.003463s ]
[2021-08-17T17:14:45+08:00][sql] INSERT INTO `links` SET `pass` = '' , `last_visit` = '2021-08-17 17:14:45' , `url` = 'https://www.huaweicloud.com' , `link` = 'cF7gc' [ RunTime:0.000649s ]
[2021-08-17T17:14:45+08:00][sql] CONNECT:[ UseTime:0.000722s ] mysql:host=127.0.0.1;port=3306;dbname=short_com;charset=utf8
[2021-08-17T17:14:45+08:00][sql] SHOW FULL COLUMNS FROM `links` [ RunTime:0.001739s ]
[2021-08-17T17:14:45+08:00][sql] SELECT * FROM `links` WHERE  `link` = '0ptDQ' LIMIT 1 [ RunTime:0.000553s ]
[2021-08-17T17:14:45+08:00][sql] SELECT `id` FROM `links` WHERE  `link` = 'G9k0a' LIMIT 1 [ RunTime:0.000463s ]
[2021-08-17T17:14:45+08:00][sql] INSERT INTO `links` SET `pass` = '' , `last_visit` = '2021-08-17 17:14:45' , `url` = 'https://www.huaweicloud.com' , `link` = 'G9k0a' [ RunTime:0.000824s ]
[2021-08-17T17:14:45+08:00][sql] CONNECT:[ UseTime:0.000708s ] mysql:host=127.0.0.1;port=3306;dbname=short_com;charset=utf8
[2021-08-17T17:14:45+08:00][sql] SHOW FULL COLUMNS FROM `links` [ RunTime:0.001477s ]
[2021-08-17T17:14:45+08:00][sql] SELECT * FROM `links` WHERE  `link` = 'XiT0U' LIMIT 1 [ RunTime:0.000483s ]
[2021-08-17T17:14:45+08:00][sql] SELECT `id` FROM `links` WHERE  `link` = 'lkseB' LIMIT 1 [ RunTime:0.000450s ]
[2021-08-17T17:14:45+08:00][sql] INSERT INTO `links` SET `pass` = '' , `last_visit` = '2021-08-17 17:14:45' , `url` = 'https://www.huaweicloud.com' , `link` = 'lkseB' [ RunTime:0.000522s ]
[2021-08-17T17:14:46+08:00][sql] CONNECT:[ UseTime:0.000689s ] mysql:host=127.0.0.1;port=3306;dbname=short_com;charset=utf8
[2021-08-17T17:14:46+08:00][sql] SHOW FULL COLUMNS FROM `links` [ RunTime:0.003980s ]
[2021-08-17T17:14:46+08:00][sql] SELECT * FROM `links` WHERE  `link` = 'jCVFu' LIMIT 1 [ RunTime:0.000435s ]
[2021-08-17T17:14:46+08:00][sql] SELECT `id` FROM `links` WHERE  `link` = '9YYAE' LIMIT 1 [ RunTime:0.000355s ]
[2021-08-17T17:14:46+08:00][sql] INSERT INTO `links` SET `pass` = '' , `last_visit` = '2021-08-17 17:14:46' , `url` = 'https://www.huaweicloud.com' , `link` = '9YYAE' [ RunTime:0.000461s ]
[2021-08-17T17:14:46+08:00][sql] CONNECT:[ UseTime:0.000692s ] mysql:host=127.0.0.1;port=3306;dbname=short_com;charset=utf8
[2021-08-17T17:14:46+08:00][sql] SHOW FULL COLUMNS FROM `links` [ RunTime:0.001226s ]
[2021-08-17T17:14:46+08:00][sql] SELECT * FROM `links` WHERE  `link` = 'wx3Ux' LIMIT 1 [ RunTime:0.000452s ]
[2021-08-17T17:14:46+08:00][sql] SELECT `id` FROM `links` WHERE  `link` = 'y2Mlu' LIMIT 1 [ RunTime:0.000477s ]
[2021-08-17T17:14:46+08:00][sql] INSERT INTO `links` SET `pass` = '' , `last_visit` = '2021-08-17 17:14:46' , `url` = 'https://www.huaweicloud.com' , `link` = 'y2Mlu' [ RunTime:0.000936s ]
[2021-08-17T17:14:46+08:00][sql] CONNECT:[ UseTime:0.003302s ] mysql:host=127.0.0.1;port=3306;dbname=short_com;charset=utf8
[2021-08-17T17:14:46+08:00][sql] SHOW FULL COLUMNS FROM `links` [ RunTime:0.001101s ]
[2021-08-17T17:14:46+08:00][sql] SELECT * FROM `links` WHERE  `link` = 'ESDjG' LIMIT 1 [ RunTime:0.000484s ]
[2021-08-17T17:14:46+08:00][sql] SELECT `id` FROM `links` WHERE  `link` = '3fPAX' LIMIT 1 [ RunTime:0.000335s ]
[2021-08-17T17:14:46+08:00][sql] INSERT INTO `links` SET `pass` = '' , `last_visit` = '2021-08-17 17:14:46' , `url` = 'https://www.huaweicloud.com' , `link` = '3fPAX' [ RunTime:0.001363s ]
[2021-08-17T17:14:47+08:00][sql] CONNECT:[ UseTime:0.004954s ] mysql:host=127.0.0.1;port=3306;dbname=short_com;charset=utf8
[2021-08-17T17:14:47+08:00][sql] SHOW FULL COLUMNS FROM `links` [ RunTime:0.001241s ]
[2021-08-17T17:14:47+08:00][sql] SELECT * FROM `links` WHERE  `link` = 'gIFQI' LIMIT 1 [ RunTime:0.000593s ]
[2021-08-17T17:14:47+08:00][sql] SELECT `id` FROM `links` WHERE  `link` = 'Gdew6' LIMIT 1 [ RunTime:0.000546s ]
[2021-08-17T17:14:47+08:00][sql] INSERT INTO `links` SET `pass` = '' , `last_visit` = '2021-08-17 17:14:46' , `url` = 'https://www.huaweicloud.com' , `link` = 'Gdew6' [ RunTime:0.000656s ]
[2021-08-17T17:14:47+08:00][sql] CONNECT:[ UseTime:0.001369s ] mysql:host=127.0.0.1;port=3306;dbname=short_com;charset=utf8
[2021-08-17T17:14:47+08:00][sql] SHOW FULL COLUMNS FROM `links` [ RunTime:0.002041s ]
[2021-08-17T17:14:47+08:00][sql] SELECT * FROM `links` WHERE  `link` = 'aGkxu' LIMIT 1 [ RunTime:0.000532s ]
[2021-08-17T17:14:47+08:00][sql] SELECT `id` FROM `links` WHERE  `link` = '1TXVy' LIMIT 1 [ RunTime:0.000577s ]
[2021-08-17T17:14:47+08:00][sql] INSERT INTO `links` SET `pass` = '' , `last_visit` = '2021-08-17 17:14:47' , `url` = 'https://www.huaweicloud.com' , `link` = '1TXVy' [ RunTime:0.000557s ]
[2021-08-17T17:14:47+08:00][sql] CONNECT:[ UseTime:0.000653s ] mysql:host=127.0.0.1;port=3306;dbname=short_com;charset=utf8
[2021-08-17T17:14:47+08:00][sql] SHOW FULL COLUMNS FROM `links` [ RunTime:0.001388s ]
[2021-08-17T17:14:47+08:00][sql] SELECT * FROM `links` WHERE  `link` = 'qn1sG' LIMIT 1 [ RunTime:0.000512s ]
[2021-08-17T17:14:47+08:00][sql] SELECT `id` FROM `links` WHERE  `link` = '2Sb0H' LIMIT 1 [ RunTime:0.000454s ]
[2021-08-17T17:14:47+08:00][sql] INSERT INTO `links` SET `pass` = '' , `last_visit` = '2021-08-17 17:14:47' , `url` = 'https://www.huaweicloud.com' , `link` = '2Sb0H' [ RunTime:0.000671s ]
[2021-08-17T17:14:48+08:00][sql] CONNECT:[ UseTime:0.000553s ] mysql:host=127.0.0.1;port=3306;dbname=short_com;charset=utf8
[2021-08-17T17:14:48+08:00][sql] SHOW FULL COLUMNS FROM `links` [ RunTime:0.001429s ]
[2021-08-17T17:14:48+08:00][sql] SELECT * FROM `links` WHERE  `link` = 'RciFL' LIMIT 1 [ RunTime:0.000867s ]
[2021-08-17T17:14:48+08:00][sql] SELECT `id` FROM `links` WHERE  `link` = 'Ntu7k' LIMIT 1 [ RunTime:0.000965s ]
[2021-08-17T17:14:48+08:00][sql] INSERT INTO `links` SET `pass` = '' , `last_visit` = '2021-08-17 17:14:48' , `url` = 'https://www.huaweicloud.com' , `link` = 'Ntu7k' [ RunTime:0.000568s ]
[2021-08-17T17:14:57+08:00][sql] CONNECT:[ UseTime:0.000643s ] mysql:host=127.0.0.1;port=3306;dbname=short_com;charset=utf8
[2021-08-17T17:14:57+08:00][sql] SHOW FULL COLUMNS FROM `links` [ RunTime:0.001301s ]
[2021-08-17T17:14:57+08:00][sql] SELECT * FROM `links` WHERE  `link` = '2GcdS' LIMIT 1 [ RunTime:0.002986s ]
[2021-08-17T17:14:57+08:00][sql] SELECT `id` FROM `links` WHERE  `link` = 'S9BQm' LIMIT 1 [ RunTime:0.000484s ]
[2021-08-17T17:14:57+08:00][sql] INSERT INTO `links` SET `pass` = '' , `last_visit` = '2021-08-17 17:14:57' , `url` = 'https://www.huaweicloud.com' , `link` = 'S9BQm' [ RunTime:0.000425s ]
[2021-08-17T17:14:58+08:00][sql] CONNECT:[ UseTime:0.000777s ] mysql:host=127.0.0.1;port=3306;dbname=short_com;charset=utf8
[2021-08-17T17:14:58+08:00][sql] SHOW FULL COLUMNS FROM `links` [ RunTime:0.001622s ]
[2021-08-17T17:14:58+08:00][sql] SELECT * FROM `links` WHERE  `link` = 'lsMG0' LIMIT 1 [ RunTime:0.000906s ]
[2021-08-17T17:14:58+08:00][sql] SELECT `id` FROM `links` WHERE  `link` = 'sv7bC' LIMIT 1 [ RunTime:0.000659s ]
[2021-08-17T17:14:58+08:00][sql] INSERT INTO `links` SET `pass` = '' , `last_visit` = '2021-08-17 17:14:58' , `url` = 'https://www.huaweicloud.com' , `link` = 'sv7bC' [ RunTime:0.000399s ]
[2021-08-17T17:14:58+08:00][sql] CONNECT:[ UseTime:0.000660s ] mysql:host=127.0.0.1;port=3306;dbname=short_com;charset=utf8
[2021-08-17T17:14:58+08:00][sql] SHOW FULL COLUMNS FROM `links` [ RunTime:0.000949s ]
[2021-08-17T17:14:58+08:00][sql] SELECT * FROM `links` WHERE  `link` = '4ohff' LIMIT 1 [ RunTime:0.000484s ]
[2021-08-17T17:14:58+08:00][sql] SELECT `id` FROM `links` WHERE  `link` = 'NvFm2' LIMIT 1 [ RunTime:0.002759s ]
[2021-08-17T17:14:58+08:00][sql] INSERT INTO `links` SET `pass` = '' , `last_visit` = '2021-08-17 17:14:58' , `url` = 'https://www.huaweicloud.com' , `link` = 'NvFm2' [ RunTime:0.000417s ]
[2021-08-17T17:14:58+08:00][sql] CONNECT:[ UseTime:0.000647s ] mysql:host=127.0.0.1;port=3306;dbname=short_com;charset=utf8
[2021-08-17T17:14:58+08:00][sql] SHOW FULL COLUMNS FROM `links` [ RunTime:0.001251s ]
[2021-08-17T17:14:58+08:00][sql] SELECT * FROM `links` WHERE  `link` = 'KhIMU' LIMIT 1 [ RunTime:0.000725s ]
[2021-08-17T17:14:58+08:00][sql] SELECT `id` FROM `links` WHERE  `link` = 'I7lv6' LIMIT 1 [ RunTime:0.000621s ]
[2021-08-17T17:14:58+08:00][sql] INSERT INTO `links` SET `pass` = '' , `last_visit` = '2021-08-17 17:14:58' , `url` = 'https://www.huaweicloud.com' , `link` = 'I7lv6' [ RunTime:0.000562s ]
[2021-08-17T17:14:59+08:00][sql] CONNECT:[ UseTime:0.000717s ] mysql:host=127.0.0.1;port=3306;dbname=short_com;charset=utf8
[2021-08-17T17:14:59+08:00][sql] SHOW FULL COLUMNS FROM `links` [ RunTime:0.001494s ]
[2021-08-17T17:14:59+08:00][sql] SELECT * FROM `links` WHERE  `link` = 'RG5LF' LIMIT 1 [ RunTime:0.004981s ]
[2021-08-17T17:14:59+08:00][sql] SELECT `id` FROM `links` WHERE  `link` = 'zW8Fc' LIMIT 1 [ RunTime:0.000525s ]
[2021-08-17T17:14:59+08:00][sql] INSERT INTO `links` SET `pass` = '' , `last_visit` = '2021-08-17 17:14:58' , `url` = 'https://www.huaweicloud.com' , `link` = 'zW8Fc' [ RunTime:0.000484s ]
[2021-08-17T17:16:00+08:00][sql] CONNECT:[ UseTime:0.000750s ] mysql:host=127.0.0.1;port=3306;dbname=short_com;charset=utf8
[2021-08-17T17:16:00+08:00][sql] SHOW FULL COLUMNS FROM `links` [ RunTime:0.004636s ]
[2021-08-17T17:16:00+08:00][sql] SELECT * FROM `links` WHERE  `link` = 'KrHwF' LIMIT 1 [ RunTime:0.000493s ]
[2021-08-17T17:16:00+08:00][sql] SELECT `id` FROM `links` WHERE  `link` = 'gBE2t' LIMIT 1 [ RunTime:0.000405s ]
[2021-08-17T17:16:00+08:00][sql] INSERT INTO `links` SET `pass` = '' , `last_visit` = '2021-08-17 17:16:00' , `url` = 'https://www.huaweicloud.com' , `link` = 'gBE2t' [ RunTime:0.000374s ]
[2021-08-17T17:16:01+08:00][sql] CONNECT:[ UseTime:0.001177s ] mysql:host=127.0.0.1;port=3306;dbname=short_com;charset=utf8
[2021-08-17T17:16:01+08:00][sql] SHOW FULL COLUMNS FROM `links` [ RunTime:0.001367s ]
[2021-08-17T17:16:01+08:00][sql] SELECT * FROM `links` WHERE  `link` = 'ZPkEC' LIMIT 1 [ RunTime:0.000483s ]
[2021-08-17T17:16:01+08:00][sql] SELECT `id` FROM `links` WHERE  `link` = 'CMcSd' LIMIT 1 [ RunTime:0.000437s ]
[2021-08-17T17:16:01+08:00][sql] INSERT INTO `links` SET `pass` = '' , `last_visit` = '2021-08-17 17:16:01' , `url` = 'https://www.huaweicloud.com' , `link` = 'CMcSd' [ RunTime:0.000532s ]
[2021-08-17T17:16:01+08:00][sql] CONNECT:[ UseTime:0.000813s ] mysql:host=127.0.0.1;port=3306;dbname=short_com;charset=utf8
[2021-08-17T17:16:01+08:00][sql] SHOW FULL COLUMNS FROM `links` [ RunTime:0.001296s ]
[2021-08-17T17:16:01+08:00][sql] SELECT * FROM `links` WHERE  `link` = 'BWmga' LIMIT 1 [ RunTime:0.002888s ]
[2021-08-17T17:16:01+08:00][sql] SELECT `id` FROM `links` WHERE  `link` = 'Pt63r' LIMIT 1 [ RunTime:0.000748s ]
[2021-08-17T17:16:01+08:00][sql] INSERT INTO `links` SET `pass` = '' , `last_visit` = '2021-08-17 17:16:01' , `url` = 'https://www.huaweicloud.com' , `link` = 'Pt63r' [ RunTime:0.000465s ]
[2021-08-17T17:16:02+08:00][sql] CONNECT:[ UseTime:0.000653s ] mysql:host=127.0.0.1;port=3306;dbname=short_com;charset=utf8
[2021-08-17T17:16:02+08:00][sql] SHOW FULL COLUMNS FROM `links` [ RunTime:0.000986s ]
[2021-08-17T17:16:02+08:00][sql] SELECT * FROM `links` WHERE  `link` = 'nuj55' LIMIT 1 [ RunTime:0.002957s ]
[2021-08-17T17:16:02+08:00][sql] SELECT `id` FROM `links` WHERE  `link` = 'VMNKG' LIMIT 1 [ RunTime:0.000504s ]
[2021-08-17T17:16:02+08:00][sql] INSERT INTO `links` SET `pass` = '' , `last_visit` = '2021-08-17 17:16:02' , `url` = 'https://www.huaweicloud.com' , `link` = 'VMNKG' [ RunTime:0.000963s ]
[2021-08-17T17:16:34+08:00][sql] CONNECT:[ UseTime:0.000674s ] mysql:host=127.0.0.1;port=3306;dbname=short_com;charset=utf8
[2021-08-17T17:16:34+08:00][sql] SHOW FULL COLUMNS FROM `links` [ RunTime:0.001096s ]
[2021-08-17T17:16:34+08:00][sql] SELECT * FROM `links` WHERE  `link` = '8sTN2' LIMIT 1 [ RunTime:0.000509s ]
[2021-08-17T17:16:34+08:00][sql] SELECT `id` FROM `links` WHERE  `link` = 'EoqLH' LIMIT 1 [ RunTime:0.000481s ]
[2021-08-17T17:16:34+08:00][sql] INSERT INTO `links` SET `pass` = '' , `last_visit` = '2021-08-17 17:16:33' , `url` = 'https://www.huaweicloud.com' , `link` = 'EoqLH' [ RunTime:0.003133s ]
[2021-08-17T17:16:34+08:00][sql] CONNECT:[ UseTime:0.003084s ] mysql:host=127.0.0.1;port=3306;dbname=short_com;charset=utf8
[2021-08-17T17:16:34+08:00][sql] SHOW FULL COLUMNS FROM `links` [ RunTime:0.000972s ]
[2021-08-17T17:16:34+08:00][sql] SELECT * FROM `links` WHERE  `link` = 'wu7Bu' LIMIT 1 [ RunTime:0.000382s ]
[2021-08-17T17:16:34+08:00][sql] SELECT `id` FROM `links` WHERE  `link` = '15grx' LIMIT 1 [ RunTime:0.000359s ]
[2021-08-17T17:16:34+08:00][sql] INSERT INTO `links` SET `pass` = '' , `last_visit` = '2021-08-17 17:16:34' , `url` = 'https://www.huaweicloud.com' , `link` = '15grx' [ RunTime:0.000622s ]
[2021-08-17T17:16:35+08:00][sql] CONNECT:[ UseTime:0.000579s ] mysql:host=127.0.0.1;port=3306;dbname=short_com;charset=utf8
[2021-08-17T17:16:35+08:00][sql] SHOW FULL COLUMNS FROM `links` [ RunTime:0.001271s ]
[2021-08-17T17:16:35+08:00][sql] SELECT * FROM `links` WHERE  `link` = 'iVKsy' LIMIT 1 [ RunTime:0.000324s ]
[2021-08-17T17:16:35+08:00][sql] SELECT `id` FROM `links` WHERE  `link` = 'IAGMW' LIMIT 1 [ RunTime:0.000279s ]
[2021-08-17T17:16:35+08:00][sql] INSERT INTO `links` SET `pass` = '' , `last_visit` = '2021-08-17 17:16:35' , `url` = 'https://www.huaweicloud.com' , `link` = 'IAGMW' [ RunTime:0.001009s ]
[2021-08-17T17:16:35+08:00][sql] CONNECT:[ UseTime:0.001862s ] mysql:host=127.0.0.1;port=3306;dbname=short_com;charset=utf8
[2021-08-17T17:16:35+08:00][sql] SHOW FULL COLUMNS FROM `links` [ RunTime:0.001447s ]
[2021-08-17T17:16:35+08:00][sql] SELECT * FROM `links` WHERE  `link` = '706ms' LIMIT 1 [ RunTime:0.000538s ]
[2021-08-17T17:16:35+08:00][sql] SELECT `id` FROM `links` WHERE  `link` = 'vGONB' LIMIT 1 [ RunTime:0.000436s ]
[2021-08-17T17:16:35+08:00][sql] INSERT INTO `links` SET `pass` = '' , `last_visit` = '2021-08-17 17:16:35' , `url` = 'https://www.huaweicloud.com' , `link` = 'vGONB' [ RunTime:0.000763s ]
[2021-08-17T17:16:36+08:00][sql] CONNECT:[ UseTime:0.000665s ] mysql:host=127.0.0.1;port=3306;dbname=short_com;charset=utf8
[2021-08-17T17:16:36+08:00][sql] SHOW FULL COLUMNS FROM `links` [ RunTime:0.001039s ]
[2021-08-17T17:16:36+08:00][sql] SELECT * FROM `links` WHERE  `link` = 'QrKdz' LIMIT 1 [ RunTime:0.000481s ]
[2021-08-17T17:16:36+08:00][sql] SELECT `id` FROM `links` WHERE  `link` = 'rgvGt' LIMIT 1 [ RunTime:0.000488s ]
[2021-08-17T17:16:36+08:00][sql] INSERT INTO `links` SET `pass` = '' , `last_visit` = '2021-08-17 17:16:36' , `url` = 'https://www.huaweicloud.com' , `link` = 'rgvGt' [ RunTime:0.000505s ]
[2021-08-17T17:16:36+08:00][sql] CONNECT:[ UseTime:0.004592s ] mysql:host=127.0.0.1;port=3306;dbname=short_com;charset=utf8
[2021-08-17T17:16:36+08:00][sql] SHOW FULL COLUMNS FROM `links` [ RunTime:0.002415s ]
[2021-08-17T17:16:36+08:00][sql] SELECT * FROM `links` WHERE  `link` = '1ASrw' LIMIT 1 [ RunTime:0.000585s ]
[2021-08-17T17:16:36+08:00][sql] SELECT `id` FROM `links` WHERE  `link` = '83bXt' LIMIT 1 [ RunTime:0.000400s ]
[2021-08-17T17:16:36+08:00][sql] INSERT INTO `links` SET `pass` = '' , `last_visit` = '2021-08-17 17:16:36' , `url` = 'https://www.huaweicloud.com' , `link` = '83bXt' [ RunTime:0.000489s ]
[2021-08-17T17:16:37+08:00][sql] CONNECT:[ UseTime:0.000739s ] mysql:host=127.0.0.1;port=3306;dbname=short_com;charset=utf8
[2021-08-17T17:16:37+08:00][sql] SHOW FULL COLUMNS FROM `links` [ RunTime:0.001221s ]
[2021-08-17T17:16:37+08:00][sql] SELECT * FROM `links` WHERE  `link` = '4jTP0' LIMIT 1 [ RunTime:0.000636s ]
[2021-08-17T17:16:37+08:00][sql] SELECT `id` FROM `links` WHERE  `link` = 'A4m7D' LIMIT 1 [ RunTime:0.000478s ]
[2021-08-17T17:16:37+08:00][sql] INSERT INTO `links` SET `pass` = '' , `last_visit` = '2021-08-17 17:16:37' , `url` = 'https://www.huaweicloud.com' , `link` = 'A4m7D' [ RunTime:0.000532s ]
[2021-08-17T17:41:58+08:00][sql] CONNECT:[ UseTime:0.001065s ] mysql:host=127.0.0.1;port=3306;dbname=short_com;charset=utf8
[2021-08-17T17:41:58+08:00][error] [10501]SQLSTATE[42S02]: Base table or view not found: 1146 Table 'short_com.api' doesn't exist[/www/wwwroot/short.com/vendor/topthink/think-orm/src/db/PDOConnection.php:796]
[2021-08-17T17:43:03+08:00][sql] CONNECT:[ UseTime:0.000873s ] mysql:host=127.0.0.1;port=3306;dbname=short_com;charset=utf8
[2021-08-17T17:43:03+08:00][error] [10501]SQLSTATE[42S02]: Base table or view not found: 1146 Table 'short_com.api' doesn't exist[/www/wwwroot/short.com/vendor/topthink/think-orm/src/db/PDOConnection.php:796]
[2021-08-17T17:45:05+08:00][sql] CONNECT:[ UseTime:0.001008s ] mysql:host=127.0.0.1;port=3306;dbname=short_com;charset=utf8
[2021-08-17T17:45:05+08:00][sql] SHOW FULL COLUMNS FROM `links` [ RunTime:0.001522s ]
[2021-08-17T17:45:05+08:00][sql] SELECT * FROM `links` WHERE  `link` = '8mMNf' LIMIT 1 [ RunTime:0.000683s ]
[2021-08-17T17:45:05+08:00][sql] SELECT `id` FROM `links` WHERE  `link` = 'PnGQ3' LIMIT 1 [ RunTime:0.000614s ]
[2021-08-17T17:45:05+08:00][sql] INSERT INTO `links` SET `pass` = '' , `last_visit` = '2021-08-17 17:45:05' , `url` = 'https://www.huaweicloud.com' , `link` = 'PnGQ3' [ RunTime:0.000828s ]
[2021-08-17T17:45:19+08:00][sql] CONNECT:[ UseTime:0.001301s ] mysql:host=127.0.0.1;port=3306;dbname=short_com;charset=utf8
[2021-08-17T17:45:19+08:00][sql] SHOW FULL COLUMNS FROM `links` [ RunTime:0.001192s ]
[2021-08-17T17:45:19+08:00][sql] SELECT * FROM `links` WHERE  `link` = 'b7GQA' LIMIT 1 [ RunTime:0.000712s ]
[2021-08-17T17:45:19+08:00][sql] SELECT `id` FROM `links` WHERE  `link` = '4bejn' LIMIT 1 [ RunTime:0.000658s ]
[2021-08-17T17:45:19+08:00][sql] INSERT INTO `links` SET `pass` = '' , `last_visit` = '2021-08-17 17:45:19' , `url` = 'https://www.huaweicloud.com' , `link` = '4bejn' [ RunTime:0.001001s ]
[2021-08-17T17:45:20+08:00][sql] CONNECT:[ UseTime:0.000818s ] mysql:host=127.0.0.1;port=3306;dbname=short_com;charset=utf8
[2021-08-17T17:45:20+08:00][sql] SHOW FULL COLUMNS FROM `links` [ RunTime:0.001031s ]
[2021-08-17T17:45:20+08:00][sql] SELECT * FROM `links` WHERE  `link` = 'KoH1a' LIMIT 1 [ RunTime:0.000810s ]
[2021-08-17T17:45:20+08:00][sql] SELECT `id` FROM `links` WHERE  `link` = 'IrPdR' LIMIT 1 [ RunTime:0.000514s ]
[2021-08-17T17:45:20+08:00][sql] INSERT INTO `links` SET `pass` = '' , `last_visit` = '2021-08-17 17:45:20' , `url` = 'https://www.huaweicloud.com' , `link` = 'IrPdR' [ RunTime:0.000537s ]
[2021-08-17T17:45:20+08:00][sql] CONNECT:[ UseTime:0.000752s ] mysql:host=127.0.0.1;port=3306;dbname=short_com;charset=utf8
[2021-08-17T17:45:20+08:00][sql] SHOW FULL COLUMNS FROM `links` [ RunTime:0.001093s ]
[2021-08-17T17:45:20+08:00][sql] SELECT * FROM `links` WHERE  `link` = 'DOuc8' LIMIT 1 [ RunTime:0.000706s ]
[2021-08-17T17:45:20+08:00][sql] SELECT `id` FROM `links` WHERE  `link` = 'V7fca' LIMIT 1 [ RunTime:0.000797s ]
[2021-08-17T17:45:20+08:00][sql] INSERT INTO `links` SET `pass` = '' , `last_visit` = '2021-08-17 17:45:20' , `url` = 'https://www.huaweicloud.com' , `link` = 'V7fca' [ RunTime:0.000578s ]
[2021-08-17T17:45:21+08:00][sql] CONNECT:[ UseTime:0.000773s ] mysql:host=127.0.0.1;port=3306;dbname=short_com;charset=utf8
[2021-08-17T17:45:21+08:00][sql] SHOW FULL COLUMNS FROM `links` [ RunTime:0.002998s ]
[2021-08-17T17:45:21+08:00][sql] SELECT * FROM `links` WHERE  `link` = 'eUCwI' LIMIT 1 [ RunTime:0.001329s ]
[2021-08-17T17:45:21+08:00][sql] SELECT `id` FROM `links` WHERE  `link` = '6cKoM' LIMIT 1 [ RunTime:0.000645s ]
[2021-08-17T17:45:21+08:00][sql] INSERT INTO `links` SET `pass` = '' , `last_visit` = '2021-08-17 17:45:21' , `url` = 'https://www.huaweicloud.com' , `link` = '6cKoM' [ RunTime:0.000582s ]
[2021-08-17T17:45:21+08:00][sql] CONNECT:[ UseTime:0.001296s ] mysql:host=127.0.0.1;port=3306;dbname=short_com;charset=utf8
[2021-08-17T17:45:21+08:00][sql] SHOW FULL COLUMNS FROM `links` [ RunTime:0.003107s ]
[2021-08-17T17:45:21+08:00][sql] SELECT * FROM `links` WHERE  `link` = 'nKeRe' LIMIT 1 [ RunTime:0.000567s ]
[2021-08-17T17:45:21+08:00][sql] SELECT `id` FROM `links` WHERE  `link` = 'GF5Gg' LIMIT 1 [ RunTime:0.000505s ]
[2021-08-17T17:45:21+08:00][sql] INSERT INTO `links` SET `pass` = '' , `last_visit` = '2021-08-17 17:45:21' , `url` = 'https://www.huaweicloud.com' , `link` = 'GF5Gg' [ RunTime:0.000507s ]
[2021-08-17T17:45:22+08:00][sql] CONNECT:[ UseTime:0.000682s ] mysql:host=127.0.0.1;port=3306;dbname=short_com;charset=utf8
[2021-08-17T17:45:22+08:00][sql] SHOW FULL COLUMNS FROM `links` [ RunTime:0.003529s ]
[2021-08-17T17:45:22+08:00][sql] SELECT * FROM `links` WHERE  `link` = '1P1Ol' LIMIT 1 [ RunTime:0.000976s ]
[2021-08-17T17:45:22+08:00][sql] SELECT `id` FROM `links` WHERE  `link` = '3ckNg' LIMIT 1 [ RunTime:0.000373s ]
[2021-08-17T17:45:22+08:00][sql] INSERT INTO `links` SET `pass` = '' , `last_visit` = '2021-08-17 17:45:22' , `url` = 'https://www.huaweicloud.com' , `link` = '3ckNg' [ RunTime:0.000408s ]
[2021-08-17T17:45:22+08:00][sql] CONNECT:[ UseTime:0.000756s ] mysql:host=127.0.0.1;port=3306;dbname=short_com;charset=utf8
[2021-08-17T17:45:22+08:00][sql] SHOW FULL COLUMNS FROM `links` [ RunTime:0.001158s ]
[2021-08-17T17:45:22+08:00][sql] SELECT * FROM `links` WHERE  `link` = 'Qfehb' LIMIT 1 [ RunTime:0.000417s ]
[2021-08-17T17:45:22+08:00][sql] SELECT `id` FROM `links` WHERE  `link` = 's7GFp' LIMIT 1 [ RunTime:0.000931s ]
[2021-08-17T17:45:22+08:00][sql] INSERT INTO `links` SET `pass` = '' , `last_visit` = '2021-08-17 17:45:22' , `url` = 'https://www.huaweicloud.com' , `link` = 's7GFp' [ RunTime:0.000993s ]
[2021-08-17T17:45:22+08:00][sql] CONNECT:[ UseTime:0.000730s ] mysql:host=127.0.0.1;port=3306;dbname=short_com;charset=utf8
[2021-08-17T17:45:22+08:00][sql] SHOW FULL COLUMNS FROM `links` [ RunTime:0.001280s ]
[2021-08-17T17:45:22+08:00][sql] SELECT * FROM `links` WHERE  `link` = 'aPorb' LIMIT 1 [ RunTime:0.000485s ]
[2021-08-17T17:45:22+08:00][sql] SELECT `id` FROM `links` WHERE  `link` = 'eRkbo' LIMIT 1 [ RunTime:0.000269s ]
[2021-08-17T17:45:22+08:00][sql] INSERT INTO `links` SET `pass` = '' , `last_visit` = '2021-08-17 17:45:22' , `url` = 'https://www.huaweicloud.com' , `link` = 'eRkbo' [ RunTime:0.000551s ]
[2021-08-17T17:45:22+08:00][sql] CONNECT:[ UseTime:0.000784s ] mysql:host=127.0.0.1;port=3306;dbname=short_com;charset=utf8
[2021-08-17T17:45:22+08:00][sql] SHOW FULL COLUMNS FROM `links` [ RunTime:0.004287s ]
[2021-08-17T17:45:22+08:00][sql] SELECT * FROM `links` WHERE  `link` = '11QxI' LIMIT 1 [ RunTime:0.000499s ]
[2021-08-17T17:45:22+08:00][sql] SELECT `id` FROM `links` WHERE  `link` = 'DfS4c' LIMIT 1 [ RunTime:0.000714s ]
[2021-08-17T17:45:22+08:00][sql] INSERT INTO `links` SET `pass` = '' , `last_visit` = '2021-08-17 17:45:22' , `url` = 'https://www.huaweicloud.com' , `link` = 'DfS4c' [ RunTime:0.000811s ]
[2021-08-17T17:47:00+08:00][error] [8]未定义数组索引: url[/www/wwwroot/short.com/app/controller/Api.php:54]
[2021-08-17T17:47:08+08:00][error] [8]未定义数组索引: url[/www/wwwroot/short.com/app/controller/Api.php:54]
[2021-08-17T17:47:08+08:00][error] [0]Argument 1 passed to app\controller\returnResult() must be an instance of app\Request, string given, called in /www/wwwroot/short.com/app/controller/Home.php on line 99[/www/wwwroot/short.com/app/controller/Home.php:61]
[2021-08-17T17:47:35+08:00][error] [8]未定义数组索引: url[/www/wwwroot/short.com/app/controller/Api.php:54]
[2021-08-17T17:47:36+08:00][sql] CONNECT:[ UseTime:0.001180s ] mysql:host=127.0.0.1;port=3306;dbname=short_com;charset=utf8
[2021-08-17T17:47:36+08:00][sql] SHOW FULL COLUMNS FROM `links` [ RunTime:0.001919s ]
[2021-08-17T17:47:36+08:00][sql] SELECT * FROM `links` WHERE  `link` = 'pNiIh' LIMIT 1 [ RunTime:0.000698s ]
[2021-08-17T17:47:36+08:00][sql] SELECT `id` FROM `links` WHERE  `link` = '99Qka' LIMIT 1 [ RunTime:0.000595s ]
[2021-08-17T17:47:36+08:00][sql] INSERT INTO `links` SET `pass` = '' , `last_visit` = '2021-08-17 17:47:36' , `url` = 'https://dnspod.qcloud.com/static/webblock.html?d=blog.vwlin.cn' , `link` = '99Qka' [ RunTime:0.000536s ]
[2021-08-17T17:47:36+08:00][error] [0]Argument 1 passed to app\controller\returnResult() must be an instance of app\Request, string given, called in /www/wwwroot/short.com/app/controller/Home.php on line 99[/www/wwwroot/short.com/app/controller/Home.php:61]
[2021-08-17T17:49:27+08:00][error] [8]未定义数组索引: url[/www/wwwroot/short.com/app/controller/Api.php:54]
[2021-08-17T17:49:40+08:00][sql] CONNECT:[ UseTime:0.000919s ] mysql:host=127.0.0.1;port=3306;dbname=short_com;charset=utf8
[2021-08-17T17:49:40+08:00][sql] SHOW FULL COLUMNS FROM `links` [ RunTime:0.001267s ]
[2021-08-17T17:49:40+08:00][sql] SELECT * FROM `links` WHERE  `link` = 'igGWG' LIMIT 1 [ RunTime:0.000551s ]
[2021-08-17T17:49:40+08:00][sql] SELECT `id` FROM `links` WHERE  `link` = '6GGpt' LIMIT 1 [ RunTime:0.000472s ]
[2021-08-17T17:49:40+08:00][sql] INSERT INTO `links` SET `pass` = '' , `last_visit` = '2021-08-17 17:49:40' , `url` = 'https://blog.csdn.net/wawa129/article/details/84448099' , `link` = '6GGpt' [ RunTime:0.000629s ]
[2021-08-17T17:49:40+08:00][error] [0]Argument 1 passed to app\controller\returnResult() must be an instance of app\Request, string given, called in /www/wwwroot/short.com/app/controller/Home.php on line 99[/www/wwwroot/short.com/app/controller/Home.php:61]
[2021-08-17T17:50:01+08:00][error] [8]未定义数组索引: url[/www/wwwroot/short.com/app/controller/Api.php:54]
[2021-08-17T17:51:11+08:00][error] [0]Argument 1 passed to app\controller\returnResult() must be an instance of app\Request, bool given, called in /www/wwwroot/short.com/app/controller/Home.php on line 99[/www/wwwroot/short.com/app/controller/Home.php:61]
[2021-08-17T17:52:16+08:00][error] [8]未定义数组索引: url[/www/wwwroot/short.com/app/controller/Api.php:54]
[2021-08-17T17:52:17+08:00][sql] CONNECT:[ UseTime:0.001110s ] mysql:host=127.0.0.1;port=3306;dbname=short_com;charset=utf8
[2021-08-17T17:52:17+08:00][sql] SHOW FULL COLUMNS FROM `links` [ RunTime:0.002912s ]
[2021-08-17T17:52:17+08:00][sql] SELECT * FROM `links` WHERE  `link` = '4DmX2' LIMIT 1 [ RunTime:0.002891s ]
[2021-08-17T17:52:17+08:00][sql] SELECT `id` FROM `links` WHERE  `link` = 'o4glH' LIMIT 1 [ RunTime:0.000969s ]
[2021-08-17T17:52:17+08:00][sql] INSERT INTO `links` SET `pass` = '' , `last_visit` = '2021-08-17 17:52:17' , `url` = 'https://blog.csdn.net/wawa129/article/details/84448099' , `link` = 'o4glH' [ RunTime:0.000657s ]
[2021-08-17T17:52:17+08:00][error] [0]Argument 1 passed to app\controller\returnResult() must be an instance of app\Request, string given, called in /www/wwwroot/short.com/app/controller/Home.php on line 99[/www/wwwroot/short.com/app/controller/Home.php:61]
[2021-08-17T17:54:31+08:00][error] [8]未定义数组索引: url[/www/wwwroot/short.com/app/controller/Api.php:54]
[2021-08-17T17:54:35+08:00][sql] CONNECT:[ UseTime:0.000950s ] mysql:host=127.0.0.1;port=3306;dbname=short_com;charset=utf8
[2021-08-17T17:54:35+08:00][sql] SHOW FULL COLUMNS FROM `links` [ RunTime:0.001415s ]
[2021-08-17T17:54:35+08:00][sql] SELECT * FROM `links` WHERE  `link` = 'Gl95n' LIMIT 1 [ RunTime:0.001017s ]
[2021-08-17T17:54:35+08:00][sql] SELECT `id` FROM `links` WHERE  `link` = 'VEPcu' LIMIT 1 [ RunTime:0.001006s ]
[2021-08-17T17:54:35+08:00][sql] INSERT INTO `links` SET `pass` = '' , `last_visit` = '2021-08-17 17:54:35' , `url` = 'https://blog.csdn.net/wawa129/article/details/84448099' , `link` = 'VEPcu' [ RunTime:0.001258s ]
[2021-08-17T17:56:12+08:00][error] [8]未定义数组索引: url[/www/wwwroot/short.com/app/controller/Api.php:54]
[2021-08-17T17:56:16+08:00][sql] CONNECT:[ UseTime:0.002412s ] mysql:host=127.0.0.1;port=3306;dbname=short_com;charset=utf8
[2021-08-17T17:56:16+08:00][sql] SHOW FULL COLUMNS FROM `links` [ RunTime:0.002056s ]
[2021-08-17T17:56:16+08:00][sql] SELECT * FROM `links` WHERE  `link` = '19Ei5' LIMIT 1 [ RunTime:0.000868s ]
[2021-08-17T17:56:16+08:00][sql] SELECT `id` FROM `links` WHERE  `link` = 'K36FB' LIMIT 1 [ RunTime:0.000693s ]
[2021-08-17T17:56:16+08:00][sql] INSERT INTO `links` SET `pass` = '' , `last_visit` = '2021-08-17 17:56:16' , `url` = 'https://blog.csdn.net/wawa129/article/details/84448099' , `link` = 'K36FB' [ RunTime:0.000722s ]
[2021-08-17T18:00:15+08:00][error] [8]未定义数组索引: url[/www/wwwroot/short.com/app/controller/Api.php:54]
[2021-08-17T18:00:23+08:00][sql] CONNECT:[ UseTime:0.002252s ] mysql:host=127.0.0.1;port=3306;dbname=short_com;charset=utf8
[2021-08-17T18:00:23+08:00][sql] SHOW FULL COLUMNS FROM `links` [ RunTime:0.001530s ]
[2021-08-17T18:00:23+08:00][sql] SELECT * FROM `links` WHERE  `link` = 'qeWfx' LIMIT 1 [ RunTime:0.000823s ]
[2021-08-17T18:00:23+08:00][sql] SELECT `id` FROM `links` WHERE  `link` = 'HRl84' LIMIT 1 [ RunTime:0.000597s ]
[2021-08-17T18:00:23+08:00][sql] INSERT INTO `links` SET `pass` = '' , `last_visit` = '2021-08-17 18:00:23' , `url` = 'https://blog.csdn.net/guo_qiangqiang/article/details/86690403' , `link` = 'HRl84' [ RunTime:0.000525s ]
[2021-08-17T18:00:26+08:00][error] [8]未定义数组索引: url[/www/wwwroot/short.com/app/controller/Api.php:54]
[2021-08-17T18:00:27+08:00][error] [8]未定义数组索引: url[/www/wwwroot/short.com/app/controller/Api.php:54]
[2021-08-17T18:00:28+08:00][error] [8]未定义数组索引: url[/www/wwwroot/short.com/app/controller/Api.php:54]
[2021-08-17T18:00:38+08:00][sql] CONNECT:[ UseTime:0.000715s ] mysql:host=127.0.0.1;port=3306;dbname=short_com;charset=utf8
[2021-08-17T18:00:38+08:00][sql] SHOW FULL COLUMNS FROM `links` [ RunTime:0.002284s ]
[2021-08-17T18:00:38+08:00][sql] SELECT * FROM `links` WHERE  `link` = 'luivU' LIMIT 1 [ RunTime:0.000672s ]
[2021-08-17T18:00:38+08:00][sql] SELECT `id` FROM `links` WHERE  `link` = 'GVr2H' LIMIT 1 [ RunTime:0.000593s ]
[2021-08-17T18:00:38+08:00][sql] INSERT INTO `links` SET `pass` = '' , `last_visit` = '2021-08-17 18:00:38' , `url` = 'https://blog.csdn.net/guo_qiangqiang/article/details/86690403' , `link` = 'GVr2H' [ RunTime:0.001299s ]
[2021-08-17T18:01:14+08:00][sql] CONNECT:[ UseTime:0.000728s ] mysql:host=127.0.0.1;port=3306;dbname=short_com;charset=utf8
[2021-08-17T18:01:14+08:00][sql] SHOW FULL COLUMNS FROM `links` [ RunTime:0.001437s ]
[2021-08-17T18:01:14+08:00][sql] SELECT * FROM `links` WHERE  `link` = 'xRCCu' LIMIT 1 [ RunTime:0.000534s ]
[2021-08-17T18:01:14+08:00][sql] SELECT `id` FROM `links` WHERE  `link` = 'agU0Z' LIMIT 1 [ RunTime:0.001208s ]
[2021-08-17T18:01:14+08:00][sql] INSERT INTO `links` SET `pass` = '' , `last_visit` = '2021-08-17 18:01:14' , `url` = 'https://blog.csdn.net/wawa129/article/details/84448099' , `link` = 'agU0Z' [ RunTime:0.004315s ]
